Temp/gradleOut/unityLibrary/build/intermediates/manifest_merge_blame_file/release/manifest-merger-blame-release-report.txt
1<?xml version="1.0" encoding="utf-8"?>
2<!-- GENERATED BY UNITY. REMOVE THIS COMMENT TO PREVENT OVERWRITING WHEN EXPORTING AGAIN -->
3<manifest xmlns:android="http://schemas.android.com/apk/res/android"
4    xmlns:tools="http://schemas.android.com/tools"
5    package="com.unity3d.player"
6    android:versionCode="1"
7    android:versionName="0.1" >
8
9    <uses-sdk
10        android:minSdkVersion="19"
10-->src\main\AndroidManifest.xml
11        android:targetSdkVersion="29" />
11-->src\main\AndroidManifest.xml
12
13    <uses-feature android:glEsVersion="0x00030000" />
13-->src\main\AndroidManifest.xml:16:3-52
13-->src\main\AndroidManifest.xml:16:17-49
14    <uses-feature
14-->src\main\AndroidManifest.xml:17:3-91
15        android:name="android.hardware.vulkan.version"
15-->src\main\AndroidManifest.xml:17:17-63
16        android:required="false" />
16-->src\main\AndroidManifest.xml:17:64-88
17
18    <uses-permission android:name="android.permission.INTERNET" />
18-->src\main\AndroidManifest.xml:18:3-65
18-->src\main\AndroidManifest.xml:18:20-62
19
20    <uses-feature
20-->src\main\AndroidManifest.xml:19:3-88
21        android:name="android.hardware.touchscreen"
21-->src\main\AndroidManifest.xml:19:17-60
22        android:required="false" />
22-->src\main\AndroidManifest.xml:19:61-85
23    <uses-feature
23-->src\main\AndroidManifest.xml:20:3-99
24        android:name="android.hardware.touchscreen.multitouch"
24-->src\main\AndroidManifest.xml:20:17-71
25        android:required="false" />
25-->src\main\AndroidManifest.xml:20:72-96
26    <uses-feature
26-->src\main\AndroidManifest.xml:21:3-108
27        android:name="android.hardware.touchscreen.multitouch.distinct"
27-->src\main\AndroidManifest.xml:21:17-80
28        android:required="false" />
28-->src\main\AndroidManifest.xml:21:81-105
29
30    <application>
30-->src\main\AndroidManifest.xml:4:3-15:17
31        <activity
31-->src\main\AndroidManifest.xml:5:5-11:16
32            android:name="com.unity3d.player.UnityPlayerActivity"
32-->src\main\AndroidManifest.xml:5:15-68
33            android:configChanges="mcc|mnc|locale|touchscreen|keyboard|keyboardHidden|navigation|orientation|screenLayout|uiMode|screenSize|smallestScreenSize|fontScale|layoutDirection|density"
33-->src\main\AndroidManifest.xml:5:188-369
34            android:hardwareAccelerated="false"
34-->src\main\AndroidManifest.xml:5:370-405
35            android:launchMode="singleTask"
35-->src\main\AndroidManifest.xml:5:156-187
36            android:screenOrientation="reverseLandscape"
36-->src\main\AndroidManifest.xml:5:111-155
37            android:theme="@style/UnityThemeSelector" >
37-->src\main\AndroidManifest.xml:5:69-110
38            <intent-filter>
38-->src\main\AndroidManifest.xml:6:7-9:23
39                <action android:name="android.intent.action.MAIN" />
39-->src\main\AndroidManifest.xml:7:9-61
39-->src\main\AndroidManifest.xml:7:17-58
40
41                <category android:name="android.intent.category.LAUNCHER" />
41-->src\main\AndroidManifest.xml:8:9-69
41-->src\main\AndroidManifest.xml:8:19-66
42            </intent-filter>
43
44            <meta-data
44-->src\main\AndroidManifest.xml:10:7-82
45                android:name="unityplayer.UnityActivity"
45-->src\main\AndroidManifest.xml:10:18-58
46                android:value="true" />
46-->src\main\AndroidManifest.xml:10:59-79
47        </activity>
48
49        <meta-data
49-->src\main\AndroidManifest.xml:12:5-69
50            android:name="unity.splash-mode"
50-->src\main\AndroidManifest.xml:12:16-48
51            android:value="0" />
51-->src\main\AndroidManifest.xml:12:49-66
52        <meta-data
52-->src\main\AndroidManifest.xml:13:5-74
53            android:name="unity.splash-enable"
53-->src\main\AndroidManifest.xml:13:16-50
54            android:value="True" />
54-->src\main\AndroidManifest.xml:13:51-71
55        <meta-data
55-->src\main\AndroidManifest.xml:14:5-101
56            android:name="unity.build-id"
56-->src\main\AndroidManifest.xml:14:16-45
57            android:value="13e94add-a7c1-4931-8009-26028248c060" />
57-->src\main\AndroidManifest.xml:14:46-98
58    </application>
59
60</manifest>